<?xml version="1.0" encoding="UTF-8"?>
<!-- Generated by org.testng.reporters.JUnitReportReporter -->
<testsuite hostname="DESKTOP-KMGCPJB" failures="0" tests="1" name="cucumber.TestNGTestRunner" time="39.593" errors="0" timestamp="2024-07-03T13:53:06 IST" skipped="0">
  <testcase classname="cucumber.TestNGTestRunner" name="runScenario" time="39.593"/>
</testsuite> <!-- cucumber.TestNGTestRunner -->
