<?xml version="1.0" encoding="UTF-8"?>
<!-- Generated by org.testng.reporters.JUnitReportReporter -->
<testsuite hostname="DESKTOP-KMGCPJB" failures="0" tests="2" name="FW24.Tests.ErrorValidationTests" time="57.043" errors="0" timestamp="2024-06-12T20:31:26 IST" skipped="0">
  <testcase classname="FW24.Tests.ErrorValidationTests" name="loginErrorValidation" time="33.134"/>
  <testcase classname="FW24.Tests.ErrorValidationTests" name="cartProductErrorValidation" time="23.909"/>
</testsuite> <!-- FW24.Tests.ErrorValidationTests -->
