<?xml version="1.0" encoding="UTF-8"?>
<!-- Generated by org.testng.reporters.JUnitReportReporter -->
<testsuite hostname="DESKTOP-KMGCPJB" failures="0" tests="1" name="FW24.Tests.GitWriteaaaAndUplodCodeUser2_1" time="87.736" errors="0" timestamp="2024-07-03T18:31:19 IST" skipped="0">
  <testcase classname="FW24.Tests.GitWriteaaaAndUplodCodeUser2_1" name="test1" time="87.736"/>
  <system-out/>
</testsuite> <!-- FW24.Tests.GitWriteaaaAndUplodCodeUser2_1 -->
