<?xml version="1.0" encoding="UTF-8"?>
<!-- Generated by org.testng.reporters.JUnitReportReporter -->
<testsuite hostname="DESKTOP-KMGCPJB" failures="0" tests="4" name="FW24.Tests.SubmitOrderTests" time="114.907" errors="0" timestamp="2024-06-12T20:31:26 IST" skipped="0">
  <testcase classname="FW24.Tests.SubmitOrderTests" name="submitOrder" time="34.341"/>
  <testcase classname="FW24.Tests.SubmitOrderTests" name="orderHistory" time="17.451"/>
  <testcase classname="FW24.Tests.SubmitOrderTests" name="submitOrder" time="20.761"/>
  <testcase classname="FW24.Tests.SubmitOrderTests" name="submitOrder" time="42.354"/>
</testsuite> <!-- FW24.Tests.SubmitOrderTests -->
